<?xml version="1.0" encoding="UTF-8"?>
<!-- Generated by org.testng.reporters.JUnitReportReporter -->
<testsuite hostname="DESKTOP-GGS4KQN" failures="0" tests="1" name="Academy.validateBar" time="0.093" errors="0" timestamp="2021-12-05T09:34:39 IST" skipped="0">
  <testcase classname="Academy.validateBar" name="basePageNavigation" time="0.093"/>
  <system-out/>
</testsuite> <!-- Academy.validateBar -->
