<?xml version="1.0" encoding="UTF-8"?>
<!-- Generated by org.testng.reporters.JUnitReportReporter -->
<testsuite hostname="DESKTOP-GGS4KQN" failures="0" tests="2" name="Academy.HomePage" time="84.667" errors="0" timestamp="2021-12-02T10:52:02 IST" skipped="0">
  <testcase classname="Academy.HomePage" name="basePageNavigation" time="12.440"/>
  <system-out/>
  <testcase classname="Academy.HomePage" name="basePageNavigation" time="72.227"/>
  <system-out/>
</testsuite> <!-- Academy.HomePage -->
