<?xml version="1.0" encoding="UTF-8"?>
<!-- Generated by org.testng.reporters.JUnitReportReporter -->
<testsuite hostname="DESKTOP-GGS4KQN" failures="0" tests="2" name="Academy.validateTitle" time="0.145" errors="0" timestamp="2021-12-05T09:34:39 IST" skipped="0">
  <testcase classname="Academy.validateTitle" name="basePageNavigation" time="0.074"/>
  <system-out/>
  <testcase classname="Academy.validateTitle" name="validateHeader" time="0.071"/>
  <system-out/>
</testsuite> <!-- Academy.validateTitle -->
